[12/01/2017 18:34] MaxDistructo(228111371965956099) deleted 21 messages  made by MaxDistructo(228111371965956099) in channel bots
[12/01/2017 18:35] MaxDistructo(228111371965956099) deleted 20  command messages in channel bots
[12/01/2017 18:37] MaxDistructo(228111371965956099) deleted 9 messages  made by MaxDistructo(228111371965956099) in channel bots
[12/01/2017 18:37] MaxDistructo(228111371965956099) deleted 5 messages  made by Lufia, Over And Out(83004494186549248) in channel bots
[12/01/2017 20:23] MaxDistructo(228111371965956099) deleted 2 messages  made by MaxDistructo(228111371965956099) in channel bots
[12/01/2017 20:23] MaxDistructo(228111371965956099) deleted 3  command messages in channel bots
[12/01/2017 20:23] MaxDistructo(228111371965956099) deleted 2  command messages in channel bots
[12/01/2017 20:24] MaxDistructo(228111371965956099) deleted 4  command messages in channel music
[13/01/2017 20:34] MaxDistructo(228111371965956099) deleted 10  command messages in channel music
[13/01/2017 20:34] MaxDistructo(228111371965956099) deleted 34 messages  made by MaxDistructo(228111371965956099) in channel music
[13/01/2017 20:35] MaxDistructo(228111371965956099) deleted 7 messages  made by Lufia, Over And Out(83004494186549248) in channel music
[13/01/2017 21:39] MaxDistructo(228111371965956099) deleted 7 messages  made by Toasty with internet!(162399111377584128) in channel general
[13/01/2017 21:39] MaxDistructo(228111371965956099) deleted 14 messages  made by MaxDistructo(228111371965956099) in channel general
[13/01/2017 21:39] MaxDistructo(228111371965956099) deleted 3 messages  made by Lufia, Over And Out(83004494186549248) in channel general
[13/01/2017 21:40] MaxDistructo(228111371965956099) deleted 13  command messages in channel general
[15/01/2017 16:38] MaxDistructo - Droid(228111371965956099) deleted 51  command messages in channel bots
[15/01/2017 16:39] MaxDistructo - Droid(228111371965956099) deleted 21 messages  made by MaxDistructo - Droid(228111371965956099) in channel bots
[15/01/2017 16:39] MaxDistructo - Droid(228111371965956099) deleted 51  command messages in channel bots
[16/01/2017 17:26] MaxDistructo(228111371965956099) deleted 336  command messages in channel bots
[16/01/2017 21:24] MaxDistructo(228111371965956099) deleted 52 messages  made by MaxDistructo(228111371965956099) in channel bots
[16/01/2017 21:24] MaxDistructo(228111371965956099) deleted 15  command messages in channel bots
[16/01/2017 21:24] MaxDistructo(228111371965956099) deleted 29 messages  made by Lufia LEEROYJENKINS(83004494186549248) in channel bots
[16/01/2017 21:24] MaxDistructo(228111371965956099) deleted 21 messages  made by Toasty(162399111377584128) in channel bots
[16/01/2017 21:25] Lufia LEEROYJENKINS(83004494186549248) deleted 2 messages  made by Lufia LEEROYJENKINS(83004494186549248) in channel bots
[16/01/2017 21:25] MaxDistructo(228111371965956099) deleted 50000 messages in channel bots
[16/01/2017 21:27] MaxDistructo(228111371965956099) deleted 500000 messages in channel bots
[16/01/2017 21:29] MaxDistructo(228111371965956099) deleted 500000 messages in channel bots
[16/01/2017 21:35] MaxDistructo(228111371965956099) deleted 500000 messages in channel bots
[16/01/2017 21:36] MaxDistructo(228111371965956099) deleted 500000 messages in channel bots
[16/01/2017 21:43] MaxDistructo(228111371965956099) deleted 500000 messages in channel general
[16/01/2017 21:53] MaxDistructo(228111371965956099) deleted 500000 messages in channel general
[16/01/2017 21:55] MaxDistructo(228111371965956099) deleted 500000 messages in channel general
[17/01/2017 13:48] MaxDistructo(228111371965956099) deleted 500000 messages in channel bots
[21/04/2017 16:54] MaxDistructo(228111371965956099) deleted 73  command messages in channel general
